<?xml version="1.0" encoding="UTF-8"?>
<testng-results ignored="0" total="1" passed="1" failed="0" skipped="0">
  <reporter-output>
  </reporter-output>
  <suite started-at="2023-07-15T18:34:52 IST" name="Default suite" finished-at="2023-07-15T18:35:02 IST" duration-ms="9876">
    <groups>
    </groups>
    <test started-at="2023-07-15T18:34:52 IST" name="Default test" finished-at="2023-07-15T18:35:02 IST" duration-ms="9876">
      <class name="com.LearningFromJiju.OpenBrowser">
        <test-method signature="testOpenBrowser()[pri:0, instance:com.LearningFromJiju.OpenBrowser@1817d444]" started-at="2023-07-15T18:34:52 IST" name="testOpenBrowser" finished-at="2023-07-15T18:35:02 IST" duration-ms="9813" status="PASS">
          <reporter-output>
          </reporter-output>
        </test-method> <!-- testOpenBrowser -->
      </class> <!-- com.LearningFromJiju.OpenBrowser -->
    </test> <!-- Default test -->
  </suite> <!-- Default suite -->
</testng-results>
